<?xml version="1.0" encoding="UTF-8"?>
<!-- Generated by org.testng.reporters.JUnitReportReporter -->
<testsuite hostname="DESKTOP-93AUPV9" failures="0" tests="4" name="SampleTest.NewTest" time="0.040" errors="0" timestamp="2023-01-06T12:55:58 IST" skipped="0">
  <testcase classname="SampleTest.NewTest" name="create" time="0.016"/>
  <system-out/>
  <testcase classname="SampleTest.NewTest" name="update" time="0.014"/>
  <system-out/>
  <testcase classname="SampleTest.NewTest" name="update" time="0.006"/>
  <system-out/>
  <testcase classname="SampleTest.NewTest" name="delete" time="0.004"/>
  <system-out/>
</testsuite> <!-- SampleTest.NewTest -->
