<?xml version="1.0" encoding="UTF-8"?>
<!-- Generated by org.testng.reporters.JUnitReportReporter -->
<testsuite hostname="DESKTOP-93AUPV9" failures="0" tests="3" name="SampleTest.DataProviderTest" time="0.055" errors="0" timestamp="2023-01-09T12:36:44 IST" skipped="0">
  <testcase classname="SampleTest.DataProviderTest" name="readData" time="0.002"/>
  <system-out/>
  <testcase classname="SampleTest.DataProviderTest" name="readData" time="0.003"/>
  <system-out/>
  <testcase classname="SampleTest.DataProviderTest" name="readData" time="0.050"/>
  <system-out/>
</testsuite> <!-- SampleTest.DataProviderTest -->
