<?xml version="1.0" encoding="UTF-8"?>
<!-- Generated by org.testng.reporters.JUnitReportReporter -->
<testsuite hostname="DESKTOP-93AUPV9" failures="0" tests="1" name="TestScriptUsingTestNG.TestScript_04_Test" time="44.542" errors="0" timestamp="2023-05-15T14:57:20 IST" skipped="0">
  <testcase classname="TestScriptUsingTestNG.TestScript_04_Test" name="createProduct" time="44.542"/>
  <system-out>
    <![CDATA[--- testscript execution started---
----TestScript Execution successfully--]]>
  </system-out>
</testsuite> <!-- TestScriptUsingTestNG.TestScript_04_Test -->
