<?xml version="1.0" encoding="UTF-8"?>
<!-- Generated by org.testng.reporters.JUnitReportReporter -->
<testsuite hostname="DESKTOP-93AUPV9" failures="0" tests="1" name="SampleTest.SampleTestNG1" time="0.006" errors="0" timestamp="2023-01-11T17:52:01 IST" skipped="0">
  <testcase classname="SampleTest.SampleTestNG1" name="sample2" time="0.006"/>
  <system-out/>
</testsuite> <!-- SampleTest.SampleTestNG1 -->
