<?xml version="1.0" encoding="UTF-8"?>
<!-- Generated by org.testng.reporters.JUnitReportReporter -->
<testsuite hostname="DESKTOP-93AUPV9" failures="0" tests="1" name="SampleTest.SampleTestNG2" time="0.005" errors="0" timestamp="2023-01-11T17:52:01 IST" skipped="0">
  <testcase classname="SampleTest.SampleTestNG2" name="sample4" time="0.005"/>
  <system-out/>
</testsuite> <!-- SampleTest.SampleTestNG2 -->
